<?xml version="1.0" encoding="UTF-8"?>
<!-- Generated by org.testng.reporters.JUnitXMLReporter -->
<testsuite ignored="0" hostname="Mds-MacBook-Pro.T-mobile.com" failures="0" tests="5" name="Demo" time="17.312" errors="0" timestamp="13 Jan 2023 21:26:03 GMT">
  <testcase classname="PageTestPackage.HomePageTest" name="Testlogo" time="0.031"/>
  <testcase classname="PageTestPackage.HomePageTest" name="verifyinglogin" time="0.469"/>
  <testcase classname="PageTestPackage.LoginPageTest" name="Testlogin" time="0.242"/>
  <testcase classname="PageTestPackage.LandingPageTest" name="TestMailID" time="0.024"/>
  <testcase classname="PageTestPackage.LandingPageTest" name="TestWbl" time="0.022"/>
</testsuite> <!-- Demo -->
